<?xml version="1.0" encoding="utf-8"?><testsuite errors="0" failures="0" name="pytest" skipped="0" tests="6" time="22.272"><testcase classname="test.test_add_group" file="test\test_add_group.py" line="5" name="test_add_group[None : ; ; ]" time="14.949"></testcase><testcase classname="test.test_add_group" file="test\test_add_group.py" line="5" name="test_add_group[None : nameA5Zs; headerrZZXoRQhmfRsWp; footeru4]" time="1.252"></testcase><testcase classname="test.test_add_group" file="test\test_add_group.py" line="5" name="test_add_group[None : name; header7R6DnKJDUdO; footeriFaN]" time="1.222"></testcase><testcase classname="test.test_add_group" file="test\test_add_group.py" line="5" name="test_add_group[None : nameuiZ; headernLmGSAICR6; footerPuonjTlAxQJrBd]" time="1.198"></testcase><testcase classname="test.test_add_group" file="test\test_add_group.py" line="5" name="test_add_group[None : namee3nbs8; headerBZH9k8lgDnh9coW; footerUNqROpsor0iVkv]" time="1.243"></testcase><testcase classname="test.test_add_group" file="test\test_add_group.py" line="5" name="test_add_group[None : nameUfxLfE; headerIb; footermunbHCHyGySJPgi1]" time="2.359"></testcase></testsuite>